This file contains any messages produced by compilers while
running configure, to aid debugging if configure makes a mistake.

configure:573: checking host system type
configure:594: checking target system type
configure:612: checking build system type
configure:638: checking for gcc
configure:751: checking whether the C compiler (arm-linux-gcc  ) works
configure:767: arm-linux-gcc -o conftest    conftest.c  1>&5
configure:793: checking whether the C compiler (arm-linux-gcc  ) is a cross-compiler
configure:798: checking whether we are using GNU C
configure:807: arm-linux-gcc -E conftest.c
configure:826: checking whether arm-linux-gcc accepts -g
configure:861: checking gcc version
configure:879: checking how to link static binaries
configure:910: checking for __progname
configure:923: arm-linux-gcc -o conftest -g -O2   conftest.c  1>&5
configure:946: checking how to run the C preprocessor
configure:1029: checking for fcntl.h
configure:1039: arm-linux-cpp  conftest.c >/dev/null 2>conftest.out
configure:1029: checking for grp.h
configure:1039: arm-linux-cpp  conftest.c >/dev/null 2>conftest.out
configure:1029: checking for memory.h
configure:1039: arm-linux-cpp  conftest.c >/dev/null 2>conftest.out
configure:1029: checking for paths.h
configure:1039: arm-linux-cpp  conftest.c >/dev/null 2>conftest.out
configure:1029: checking for poll.h
configure:1039: arm-linux-cpp  conftest.c >/dev/null 2>conftest.out
configure:1029: checking for sys/poll.h
configure:1039: arm-linux-cpp  conftest.c >/dev/null 2>conftest.out
configure:1029: checking for sys/event.h
configure:1039: arm-linux-cpp  conftest.c >/dev/null 2>conftest.out
configure:1035:23: fatal error: sys/event.h: No such file or directory
compilation terminated.
configure: failed program was:
#line 1034 "configure"
#include "confdefs.h"
#include <sys/event.h>
configure:1029: checking for osreldate.h
configure:1039: arm-linux-cpp  conftest.c >/dev/null 2>conftest.out
configure:1035:23: fatal error: osreldate.h: No such file or directory
compilation terminated.
configure: failed program was:
#line 1034 "configure"
#include "confdefs.h"
#include <osreldate.h>
configure:1029: checking for netinet/tcp.h
configure:1039: arm-linux-cpp  conftest.c >/dev/null 2>conftest.out
configure:1066: checking whether time.h and sys/time.h may both be included
configure:1080: arm-linux-gcc -c -g -O2  conftest.c 1>&5
configure:1105: checking for dirent.h that defines DIR
configure:1118: arm-linux-gcc -c -g -O2  conftest.c 1>&5
configure:1143: checking for opendir in -ldir
configure:1162: arm-linux-gcc -o conftest -g -O2   conftest.c -ldir   1>&5
/home/slash/work/tiny4412_src/tiny4412/experiment/opt/FriendlyARM/toolschain/4.5.1/bin/../lib/gcc/arm-none-linux-gnueabi/4.5.1/../../../../arm-none-linux-gnueabi/bin/ld: cannot find -ldir
collect2: ld returned 1 exit status
configure: failed program was:
#line 1151 "configure"
#include "confdefs.h"
/* Override any gcc2 internal prototype to avoid an error.  */
/* We use char because int might match the return type of a gcc2
    builtin and then its argument prototype would still apply.  */
char opendir();

int main() {
opendir()
; return 0; }
configure:1228: checking for /usr/local/v6/lib
configure:1238: checking for gethostbyname
configure:1266: arm-linux-gcc -o conftest -g -O2   conftest.c  1>&5
configure:1451: checking for socket
configure:1479: arm-linux-gcc -o conftest -g -O2   conftest.c  1>&5
configure:1580: checking for main in -linet6
configure:1595: arm-linux-gcc -o conftest -g -O2   conftest.c -linet6   1>&5
/home/slash/work/tiny4412_src/tiny4412/experiment/opt/FriendlyARM/toolschain/4.5.1/bin/../lib/gcc/arm-none-linux-gnueabi/4.5.1/../../../../arm-none-linux-gnueabi/bin/ld: cannot find -linet6
collect2: ld returned 1 exit status
configure: failed program was:
#line 1588 "configure"
#include "confdefs.h"

int main() {
main()
; return 0; }
configure:1624: checking for crypt
configure:1652: arm-linux-gcc -o conftest -g -O2   conftest.c  1>&5
/tmp/ccebGlT9.o: In function `main':
/home/slash/work/tiny4412_src/tiny4412/experiment/day4/3-application-exerise/webserver/thttpd-2.21b/configure:1646: undefined reference to `crypt'
collect2: ld returned 1 exit status
configure: failed program was:
#line 1629 "configure"
#include "confdefs.h"
/* System header to define __stub macros and hopefully few prototypes,
    which can conflict with char crypt(); below.  */
#include <assert.h>
/* Override any gcc2 internal prototype to avoid an error.  */
/* We use char because int might match the return type of a gcc2
    builtin and then its argument prototype would still apply.  */
char crypt();

int main() {

/* The GNU C library defines this for functions which it implements
    to always fail with ENOSYS.  Some functions are actually named
    something starting with __ and the normal name is an alias.  */
#if defined (__stub_crypt) || defined (__stub___crypt)
choke me
#else
crypt();
#endif

; return 0; }
configure:1670: checking for crypt in -lcrypt
configure:1689: arm-linux-gcc -o conftest -g -O2   conftest.c -lcrypt   1>&5
configure:1719: checking for hstrerror
configure:1747: arm-linux-gcc -o conftest -g -O2   conftest.c -lcrypt  1>&5
configure:1810: checking for strerror
configure:1838: arm-linux-gcc -o conftest -g -O2   conftest.c -lcrypt  1>&5
configure:1867: checking for waitpid
configure:1895: arm-linux-gcc -o conftest -g -O2   conftest.c -lcrypt  1>&5
configure:1867: checking for vsnprintf
configure:1895: arm-linux-gcc -o conftest -g -O2   conftest.c -lcrypt  1>&5
configure:1879:6: warning: conflicting types for built-in function 'vsnprintf'
configure:1867: checking for daemon
configure:1895: arm-linux-gcc -o conftest -g -O2   conftest.c -lcrypt  1>&5
configure:1867: checking for setsid
configure:1895: arm-linux-gcc -o conftest -g -O2   conftest.c -lcrypt  1>&5
configure:1867: checking for setlogin
configure:1895: arm-linux-gcc -o conftest -g -O2   conftest.c -lcrypt  1>&5
configure: In function 'main':
configure:1887:1: error: 'choke' undeclared (first use in this function)
configure:1887:1: note: each undeclared identifier is reported only once for each function it appears in
configure:1887:7: error: expected ';' before 'me'
configure: failed program was:
#line 1872 "configure"
#include "confdefs.h"
/* System header to define __stub macros and hopefully few prototypes,
    which can conflict with char setlogin(); below.  */
#include <assert.h>
/* Override any gcc2 internal prototype to avoid an error.  */
/* We use char because int might match the return type of a gcc2
    builtin and then its argument prototype would still apply.  */
char setlogin();

int main() {

/* The GNU C library defines this for functions which it implements
    to always fail with ENOSYS.  Some functions are actually named
    something starting with __ and the normal name is an alias.  */
#if defined (__stub_setlogin) || defined (__stub___setlogin)
choke me
#else
setlogin();
#endif

; return 0; }
configure:1867: checking for getaddrinfo
configure:1895: arm-linux-gcc -o conftest -g -O2   conftest.c -lcrypt  1>&5
configure:1867: checking for getnameinfo
configure:1895: arm-linux-gcc -o conftest -g -O2   conftest.c -lcrypt  1>&5
configure:1867: checking for gai_strerror
configure:1895: arm-linux-gcc -o conftest -g -O2   conftest.c -lcrypt  1>&5
configure:1867: checking for kqueue
configure:1895: arm-linux-gcc -o conftest -g -O2   conftest.c -lcrypt  1>&5
/tmp/ccKiqLYk.o: In function `main':
/home/slash/work/tiny4412_src/tiny4412/experiment/day4/3-application-exerise/webserver/thttpd-2.21b/configure:1889: undefined reference to `kqueue'
collect2: ld returned 1 exit status
configure: failed program was:
#line 1872 "configure"
#include "confdefs.h"
/* System header to define __stub macros and hopefully few prototypes,
    which can conflict with char kqueue(); below.  */
#include <assert.h>
/* Override any gcc2 internal prototype to avoid an error.  */
/* We use char because int might match the return type of a gcc2
    builtin and then its argument prototype would still apply.  */
char kqueue();

int main() {

/* The GNU C library defines this for functions which it implements
    to always fail with ENOSYS.  Some functions are actually named
    something starting with __ and the normal name is an alias.  */
#if defined (__stub_kqueue) || defined (__stub___kqueue)
choke me
#else
kqueue();
#endif

; return 0; }
configure:1923: checking for unistd.h
configure:1933: arm-linux-cpp  conftest.c >/dev/null 2>conftest.out
configure:1962: checking for getpagesize
configure:1990: arm-linux-gcc -o conftest -g -O2   conftest.c -lcrypt  1>&5
configure:2015: checking for working mmap
configure:2248: checking for select
configure:2276: arm-linux-gcc -o conftest -g -O2   conftest.c -lcrypt  1>&5
configure:2248: checking for poll
configure:2276: arm-linux-gcc -o conftest -g -O2   conftest.c -lcrypt  1>&5
configure:2304: checking if struct tm has tm_gmtoff member
configure:2318: arm-linux-gcc -c -g -O2  conftest.c 1>&5
configure:2338: checking if struct sockaddr_storage exists
configure:2352: arm-linux-gcc -c -g -O2  conftest.c 1>&5
configure:2372: checking if struct sockaddr_in6 exists
configure:2387: arm-linux-gcc -c -g -O2  conftest.c 1>&5
configure:2408: checking whether make sets ${MAKE}
configure:2446: checking for a BSD compatible install
